<?xml version="1.0" encoding="UTF-8"?>
<!-- Generated by org.testng.reporters.JUnitReportReporter -->
<testsuite skipped="0" hostname="Anushk" name="uk.wcht.org.testsuit.YourAccountTest" tests="1" failures="0" timestamp="12 Apr 2020 22:16:19 GMT" time="33.355" errors="0">
  <testcase name="verifyUserShouldNavigateToAccountPage" time="33.355" classname="uk.wcht.org.testsuit.YourAccountTest"/>
</testsuite> <!-- uk.wcht.org.testsuit.YourAccountTest -->
